<?xml version="1.0" encoding="UTF-8"?>
<testng-results ignored="0" total="1" passed="1" failed="0" skipped="0">
  <reporter-output>
  </reporter-output>
  <suite started-at="2020-10-26T16:36:02 EET" name="Suite" finished-at="2020-10-26T16:36:37 EET" duration-ms="34811">
    <groups>
    </groups>
    <test started-at="2020-10-26T16:36:02 EET" name="Test" finished-at="2020-10-26T16:36:37 EET" duration-ms="34811">
      <class name="AppiumFramework.Appium.Shopping_UseCase">
        <test-method is-config="true" signature="killAllNodes()[pri:0, instance:AppiumFramework.Appium.Shopping_UseCase@49c7b90e]" started-at="2020-10-26T16:36:02 EET" name="killAllNodes" finished-at="2020-10-26T16:36:02 EET" duration-ms="11" status="PASS">
          <reporter-output>
          </reporter-output>
        </test-method> <!-- killAllNodes -->
        <test-method signature="TotalAmountValidation(java.lang.String)[pri:0, instance:AppiumFramework.Appium.Shopping_UseCase@49c7b90e]" started-at="2020-10-26T16:36:02 EET" name="TotalAmountValidation" data-provider="InputData" finished-at="2020-10-26T16:36:36 EET" duration-ms="34199" status="PASS">
          <params>
            <param index="0">
              <value>
                <![CDATA[Test1]]>
              </value>
            </param>
          </params>
          <reporter-output>
          </reporter-output>
        </test-method> <!-- TotalAmountValidation -->
      </class> <!-- AppiumFramework.Appium.Shopping_UseCase -->
    </test> <!-- Test -->
  </suite> <!-- Suite -->
</testng-results>
